{"File":"db/init_redis.js","Function":"connect","Purpose":"To check redis is started  or not","level":"info","message":"Redis Connected ","service":"AuthService","timestamp":"2021-11-13 20:11:37"}
{"File":"index.js","Function":"db()","Purpose":"To check mongodb is connected  or not","level":"info","message":"MongoDB connected Successfully!!!","service":"AuthService","timestamp":"2021-11-13 20:11:44"}
{"File":"index.js","Function":"listen()","Purpose":"To check server is started  or not","level":"info","message":"Server is listening on port : 3001","service":"AuthService","timestamp":"2021-11-13 20:11:45"}
{"File":"db/init_redis.js","Function":"connect","Purpose":"To check redis is started  or not","level":"info","message":"Redis Connected ","service":"AuthService","timestamp":"2021-11-13 20:11:26"}
{"File":"index.js","Function":"db()","Purpose":"To check mongodb is connected  or not","level":"info","message":"MongoDB connected Successfully!!!","service":"AuthService","timestamp":"2021-11-13 20:11:35"}
{"File":"index.js","Function":"listen()","Purpose":"To check server is started  or not","level":"info","message":"Server is listening on port : 3001","service":"AuthService","timestamp":"2021-11-13 20:11:36"}
{"File":"db/init_redis.js","Function":"connect","Purpose":"To check redis is started  or not","level":"info","message":"Redis Connected ","service":"AuthService","timestamp":"2021-11-13 20:11:59"}
{"File":"index.js","Function":"db()","Purpose":"To check mongodb is connected  or not","level":"info","message":"MongoDB connected Successfully!!!","service":"AuthService","timestamp":"2021-11-13 20:11:41"}
{"File":"index.js","Function":"listen()","Purpose":"To check server is started  or not","level":"info","message":"Server is listening on port : 3001","service":"AuthService","timestamp":"2021-11-13 20:11:42"}
{"File":"db/init_redis.js","Function":"connect","Purpose":"To check redis is started  or not","level":"info","message":"Redis Connected ","service":"AuthService","timestamp":"2021-11-13 20:11:48"}
{"File":"index.js","Function":"db()","Purpose":"To check mongodb is connected  or not","level":"info","message":"MongoDB connected Successfully!!!","service":"AuthService","timestamp":"2021-11-13 20:11:46"}
{"File":"index.js","Function":"listen()","Purpose":"To check server is started  or not","level":"info","message":"Server is listening on port : 3001","service":"AuthService","timestamp":"2021-11-13 20:11:49"}
{"File":"db/init_redis.js","Function":"connect","Purpose":"To check redis is started  or not","level":"info","message":"Redis Connected ","service":"AuthService","timestamp":"2021-11-13 20:11:53"}
{"File":"index.js","Function":"db()","Purpose":"To check mongodb is connected  or not","level":"info","message":"MongoDB connected Successfully!!!","service":"AuthService","timestamp":"2021-11-13 20:11:48"}
{"File":"index.js","Function":"listen()","Purpose":"To check server is started  or not","level":"info","message":"Server is listening on port : 3001","service":"AuthService","timestamp":"2021-11-13 20:11:49"}
{"File":"db/init_redis.js","Function":"connect","Purpose":"To check redis is started  or not","level":"info","message":"Redis Connected ","service":"AuthService","timestamp":"2021-11-13 20:11:46"}
{"File":"index.js","Function":"db()","Purpose":"To check mongodb is connected  or not","level":"info","message":"MongoDB connected Successfully!!!","service":"AuthService","timestamp":"2021-11-13 20:11:45"}
{"File":"index.js","Function":"listen()","Purpose":"To check server is started  or not","level":"info","message":"Server is listening on port : 3001","service":"AuthService","timestamp":"2021-11-13 20:11:46"}
{"File":"db/init_redis.js","Function":"connect","Purpose":"To check redis is started  or not","level":"info","message":"Redis Connected ","service":"AuthService","timestamp":"2021-11-13 20:11:61"}
{"File":"index.js","Function":"db()","Purpose":"To check mongodb is connected  or not","level":"info","message":"MongoDB connected Successfully!!!","service":"AuthService","timestamp":"2021-11-13 20:11:55"}
{"File":"index.js","Function":"listen()","Purpose":"To check server is started  or not","level":"info","message":"Server is listening on port : 3001","service":"AuthService","timestamp":"2021-11-13 20:11:56"}
{"File":"db/init_redis.js","Function":"connect","Purpose":"To check redis is started  or not","level":"info","message":"Redis Connected ","service":"AuthService","timestamp":"2021-11-13 20:11:46"}
{"File":"index.js","Function":"db()","Purpose":"To check mongodb is connected  or not","level":"info","message":"MongoDB connected Successfully!!!","service":"AuthService","timestamp":"2021-11-13 20:11:26"}
{"File":"index.js","Function":"listen()","Purpose":"To check server is started  or not","level":"info","message":"Server is listening on port : 3001","service":"AuthService","timestamp":"2021-11-13 20:11:27"}
{"File":"db/init_redis.js","Function":"connect","Purpose":"To check redis is started  or not","level":"info","message":"Redis Connected ","service":"AuthService","timestamp":"2021-11-13 20:11:00"}
{"File":"index.js","Function":"db()","Purpose":"To check mongodb is connected  or not","level":"info","message":"MongoDB connected Successfully!!!","service":"AuthService","timestamp":"2021-11-13 20:11:20"}
{"File":"index.js","Function":"listen()","Purpose":"To check server is started  or not","level":"info","message":"Server is listening on port : 3001","service":"AuthService","timestamp":"2021-11-13 20:11:21"}
{"File":"db/init_redis.js","Function":"connect","Purpose":"To check redis is started  or not","level":"info","message":"Redis Connected ","service":"AuthService","timestamp":"2021-11-13 20:11:06"}
{"File":"index.js","Function":"db()","Purpose":"To check mongodb is connected  or not","level":"info","message":"MongoDB connected Successfully!!!","service":"AuthService","timestamp":"2021-11-13 20:11:12"}
{"File":"index.js","Function":"listen()","Purpose":"To check server is started  or not","level":"info","message":"Server is listening on port : 3001","service":"AuthService","timestamp":"2021-11-13 20:11:13"}
{"File":"db/init_redis.js","Function":"connect","Purpose":"To check redis is started  or not","level":"info","message":"Redis Connected ","service":"AuthService","timestamp":"2021-11-13 20:11:35"}
{"File":"index.js","Function":"db()","Purpose":"To check mongodb is connected  or not","level":"info","message":"MongoDB connected Successfully!!!","service":"AuthService","timestamp":"2021-11-13 20:11:47"}
{"File":"index.js","Function":"listen()","Purpose":"To check server is started  or not","level":"info","message":"Server is listening on port : 3001","service":"AuthService","timestamp":"2021-11-13 20:11:48"}
{"File":"db/init_redis.js","Function":"connect","Purpose":"To check redis is started  or not","level":"info","message":"Redis Connected ","service":"AuthService","timestamp":"2021-11-13 20:11:95"}
{"File":"index.js","Function":"db()","Purpose":"To check mongodb is connected  or not","level":"info","message":"MongoDB connected Successfully!!!","service":"AuthService","timestamp":"2021-11-13 20:11:01"}
{"File":"index.js","Function":"listen()","Purpose":"To check server is started  or not","level":"info","message":"Server is listening on port : 3001","service":"AuthService","timestamp":"2021-11-13 20:11:02"}
{"File":"db/init_redis.js","Function":"connect","Purpose":"To check redis is started  or not","level":"info","message":"Redis Connected ","service":"AuthService","timestamp":"2021-11-13 20:11:92"}
{"File":"index.js","Function":"db()","Purpose":"To check mongodb is connected  or not","level":"info","message":"MongoDB connected Successfully!!!","service":"AuthService","timestamp":"2021-11-13 20:11:71"}
{"File":"index.js","Function":"listen()","Purpose":"To check server is started  or not","level":"info","message":"Server is listening on port : 3001","service":"AuthService","timestamp":"2021-11-13 20:11:73"}
{"File":"db/init_redis.js","Function":"connect","Purpose":"To check redis is started  or not","level":"info","message":"Redis Connected ","service":"AuthService","timestamp":"2021-11-13 20:11:35"}
{"File":"index.js","Function":"db()","Purpose":"To check mongodb is connected  or not","level":"info","message":"MongoDB connected Successfully!!!","service":"AuthService","timestamp":"2021-11-13 20:11:99"}
{"File":"index.js","Function":"listen()","Purpose":"To check server is started  or not","level":"info","message":"Server is listening on port : 3001","service":"AuthService","timestamp":"2021-11-13 20:11:50"}
{"File":"db/init_redis.js","Function":"connect","Purpose":"To check redis is started  or not","level":"info","message":"Redis Connected ","service":"AuthService","timestamp":"2021-11-13 20:11:98"}
{"File":"index.js","Function":"db()","Purpose":"To check mongodb is connected  or not","level":"info","message":"MongoDB connected Successfully!!!","service":"AuthService","timestamp":"2021-11-13 20:11:89"}
{"File":"index.js","Function":"listen()","Purpose":"To check server is started  or not","level":"info","message":"Server is listening on port : 3001","service":"AuthService","timestamp":"2021-11-13 20:11:91"}
{"File":"db/init_redis.js","Function":"connect","Purpose":"To check redis is started  or not","level":"info","message":"Redis Connected ","service":"AuthService","timestamp":"2021-11-13 20:11:44"}
{"File":"index.js","Function":"db()","Purpose":"To check mongodb is connected  or not","level":"info","message":"MongoDB connected Successfully!!!","service":"AuthService","timestamp":"2021-11-13 20:11:49"}
{"File":"index.js","Function":"listen()","Purpose":"To check server is started  or not","level":"info","message":"Server is listening on port : 3001","service":"AuthService","timestamp":"2021-11-13 20:11:50"}
{"File":"db/init_redis.js","Function":"connect","Purpose":"To check redis is started  or not","level":"info","message":"Redis Connected ","service":"AuthService","timestamp":"2021-11-13 20:11:50"}
{"File":"index.js","Function":"db()","Purpose":"To check mongodb is connected  or not","level":"info","message":"MongoDB connected Successfully!!!","service":"AuthService","timestamp":"2021-11-13 20:11:40"}
{"File":"index.js","Function":"listen()","Purpose":"To check server is started  or not","level":"info","message":"Server is listening on port : 3001","service":"AuthService","timestamp":"2021-11-13 20:11:41"}
{"File":"db/init_redis.js","Function":"connect","Purpose":"To check redis is started  or not","level":"info","message":"Redis Connected ","service":"AuthService","timestamp":"2021-11-13 20:11:11"}
{"File":"index.js","Function":"db()","Purpose":"To check mongodb is connected  or not","level":"info","message":"MongoDB connected Successfully!!!","service":"AuthService","timestamp":"2021-11-13 20:11:85"}
{"File":"index.js","Function":"listen()","Purpose":"To check server is started  or not","level":"info","message":"Server is listening on port : 3001","service":"AuthService","timestamp":"2021-11-13 20:11:86"}
{"File":"db/init_redis.js","Function":"connect","Purpose":"To check redis is started  or not","level":"info","message":"Redis Connected ","service":"AuthService","timestamp":"2021-11-13 20:11:82"}
{"File":"index.js","Function":"db()","Purpose":"To check mongodb is connected  or not","level":"info","message":"MongoDB connected Successfully!!!","service":"AuthService","timestamp":"2021-11-13 20:11:07"}
{"File":"index.js","Function":"listen()","Purpose":"To check server is started  or not","level":"info","message":"Server is listening on port : 3001","service":"AuthService","timestamp":"2021-11-13 20:11:09"}
{"File":"db/init_redis.js","Function":"connect","Purpose":"To check redis is started  or not","level":"info","message":"Redis Connected ","service":"AuthService","timestamp":"2021-11-13 20:11:47"}
{"File":"index.js","Function":"db()","Purpose":"To check mongodb is connected  or not","level":"info","message":"MongoDB connected Successfully!!!","service":"AuthService","timestamp":"2021-11-13 20:11:37"}
{"File":"index.js","Function":"listen()","Purpose":"To check server is started  or not","level":"info","message":"Server is listening on port : 3001","service":"AuthService","timestamp":"2021-11-13 20:11:38"}
{"File":"db/init_redis.js","Function":"connect","Purpose":"To check redis is started  or not","level":"info","message":"Redis Connected ","service":"AuthService","timestamp":"2021-11-13 20:11:67"}
{"File":"index.js","Function":"db()","Purpose":"To check mongodb is connected  or not","level":"info","message":"MongoDB connected Successfully!!!","service":"AuthService","timestamp":"2021-11-13 20:11:53"}
{"File":"index.js","Function":"listen()","Purpose":"To check server is started  or not","level":"info","message":"Server is listening on port : 3001","service":"AuthService","timestamp":"2021-11-13 20:11:55"}
{"File":"db/init_redis.js","Function":"connect","Purpose":"To check redis is started  or not","level":"info","message":"Redis Connected ","service":"AuthService","timestamp":"2021-11-13 20:11:31"}
{"File":"index.js","Function":"db()","Purpose":"To check mongodb is connected  or not","level":"info","message":"MongoDB connected Successfully!!!","service":"AuthService","timestamp":"2021-11-13 20:11:02"}
{"File":"index.js","Function":"listen()","Purpose":"To check server is started  or not","level":"info","message":"Server is listening on port : 3001","service":"AuthService","timestamp":"2021-11-13 20:11:03"}
{"File":"db/init_redis.js","Function":"connect","Purpose":"To check redis is started  or not","level":"info","message":"Redis Connected ","service":"AuthService","timestamp":"2021-11-13 20:11:94"}
{"File":"index.js","Function":"db()","Purpose":"To check mongodb is connected  or not","level":"info","message":"MongoDB connected Successfully!!!","service":"AuthService","timestamp":"2021-11-13 20:11:75"}
{"File":"index.js","Function":"listen()","Purpose":"To check server is started  or not","level":"info","message":"Server is listening on port : 3001","service":"AuthService","timestamp":"2021-11-13 20:11:76"}
{"File":"db/init_redis.js","Function":"connect","Purpose":"To check redis is started  or not","level":"info","message":"Redis Connected ","service":"AuthService","timestamp":"2021-11-13 20:11:57"}
{"File":"index.js","Function":"db()","Purpose":"To check mongodb is connected  or not","level":"info","message":"MongoDB connected Successfully!!!","service":"AuthService","timestamp":"2021-11-13 20:11:56"}
{"File":"index.js","Function":"listen()","Purpose":"To check server is started  or not","level":"info","message":"Server is listening on port : 3001","service":"AuthService","timestamp":"2021-11-13 20:11:57"}
{"level":"error","message":"BadRequestError: 191amitwebdev2019@gmail.com This Email Is Already Taken","service":"AuthService","sta":400,"timestamp":"2021-11-13 20:11:12"}
{"File":"db/init_redis.js","Function":"connect","Purpose":"To check redis is started  or not","level":"info","message":"Redis Connected ","service":"AuthService","timestamp":"2021-11-13 20:11:25"}
{"File":"index.js","Function":"db()","Purpose":"To check mongodb is connected  or not","level":"info","message":"MongoDB connected Successfully!!!","service":"AuthService","timestamp":"2021-11-13 20:11:12"}
{"File":"index.js","Function":"listen()","Purpose":"To check server is started  or not","level":"info","message":"Server is listening on port : 3001","service":"AuthService","timestamp":"2021-11-13 20:11:14"}
{"level":"error","message":"BadRequestError: 191amitwebdev2019@gmail.com This Email Is Already Taken","service":"AuthService","sta":400,"timestamp":"2021-11-13 20:11:39"}
{"File":"db/init_redis.js","Function":"connect","Purpose":"To check redis is started  or not","level":"info","message":"Redis Connected ","service":"AuthService","timestamp":"2021-11-13 20:11:72"}
{"File":"index.js","Function":"db()","Purpose":"To check mongodb is connected  or not","level":"info","message":"MongoDB connected Successfully!!!","service":"AuthService","timestamp":"2021-11-13 20:11:44"}
{"File":"index.js","Function":"listen()","Purpose":"To check server is started  or not","level":"info","message":"Server is listening on port : 3001","service":"AuthService","timestamp":"2021-11-13 20:11:45"}
{"level":"error","message":"BadRequestError: 191amitwebdev2019@gmail.com This Email Is Already Taken","service":"AuthService","sta":400,"timestamp":"2021-11-13 20:11:15"}
{"File":"db/init_redis.js","Function":"connect","Purpose":"To check redis is started  or not","level":"info","message":"Redis Connected ","service":"AuthService","timestamp":"2021-11-13 20:11:19"}
{"File":"index.js","Function":"db()","Purpose":"To check mongodb is connected  or not","level":"info","message":"MongoDB connected Successfully!!!","service":"AuthService","timestamp":"2021-11-13 20:11:12"}
{"File":"index.js","Function":"listen()","Purpose":"To check server is started  or not","level":"info","message":"Server is listening on port : 3001","service":"AuthService","timestamp":"2021-11-13 20:11:13"}
{"level":"error","message":"BadRequestError: 191amitwebdev2019@gmail.com This Email Is Already Taken","service":"AuthService","sta":400,"timestamp":"2021-11-13 20:11:91"}
{"File":"db/init_redis.js","Function":"connect","Purpose":"To check redis is started  or not","level":"info","message":"Redis Connected ","service":"AuthService","timestamp":"2021-11-13 21:11:98"}
{"File":"index.js","Function":"db()","Purpose":"To check mongodb is connected  or not","level":"info","message":"MongoDB connected Successfully!!!","service":"AuthService","timestamp":"2021-11-13 21:11:11"}
{"File":"index.js","Function":"listen()","Purpose":"To check server is started  or not","level":"info","message":"Server is listening on port : 3001","service":"AuthService","timestamp":"2021-11-13 21:11:22"}
{"File":"db/init_redis.js","Function":"connect","Purpose":"To check redis is started  or not","level":"info","message":"Redis Connected ","service":"AuthService","timestamp":"2021-11-13 21:11:31"}
{"File":"index.js","Function":"db()","Purpose":"To check mongodb is connected  or not","level":"info","message":"MongoDB connected Successfully!!!","service":"AuthService","timestamp":"2021-11-13 21:11:38"}
{"File":"index.js","Function":"listen()","Purpose":"To check server is started  or not","level":"info","message":"Server is listening on port : 3001","service":"AuthService","timestamp":"2021-11-13 21:11:39"}
{"File":"db/init_redis.js","Function":"connect","Purpose":"To check redis is started  or not","level":"info","message":"Redis Connected ","service":"AuthService","timestamp":"2021-11-13 21:11:60"}
{"File":"index.js","Function":"db()","Purpose":"To check mongodb is connected  or not","level":"info","message":"MongoDB connected Successfully!!!","service":"AuthService","timestamp":"2021-11-13 21:11:41"}
{"File":"index.js","Function":"listen()","Purpose":"To check server is started  or not","level":"info","message":"Server is listening on port : 3001","service":"AuthService","timestamp":"2021-11-13 21:11:42"}
{"level":"error","message":"BadRequestError: 191amitwebdev2019@gmail.com This Email Is Already Taken","service":"AuthService","sta":400,"timestamp":"2021-11-13 21:11:40"}
{"File":"db/init_redis.js","Function":"connect","Purpose":"To check redis is started  or not","level":"info","message":"Redis Connected ","service":"AuthService","timestamp":"2021-11-13 21:11:70"}
{"File":"index.js","Function":"db()","Purpose":"To check mongodb is connected  or not","level":"info","message":"MongoDB connected Successfully!!!","service":"AuthService","timestamp":"2021-11-13 21:11:73"}
{"File":"index.js","Function":"listen()","Purpose":"To check server is started  or not","level":"info","message":"Server is listening on port : 3001","service":"AuthService","timestamp":"2021-11-13 21:11:73"}
{"level":"error","message":"BadRequestError: 191amitwebdev2019@gmail.com This Email Is Already Taken","service":"AuthService","sta":400,"timestamp":"2021-11-13 21:11:14"}
{"File":"db/init_redis.js","Function":"connect","Purpose":"To check redis is started  or not","level":"info","message":"Redis Connected ","service":"AuthService","timestamp":"2021-11-13 21:11:55"}
{"File":"index.js","Function":"db()","Purpose":"To check mongodb is connected  or not","level":"info","message":"MongoDB connected Successfully!!!","service":"AuthService","timestamp":"2021-11-13 21:11:63"}
{"File":"index.js","Function":"listen()","Purpose":"To check server is started  or not","level":"info","message":"Server is listening on port : 3001","service":"AuthService","timestamp":"2021-11-13 21:11:64"}
{"File":"db/init_redis.js","Function":"connect","Purpose":"To check redis is started  or not","level":"info","message":"Redis Connected ","service":"AuthService","timestamp":"2021-11-13 21:11:90"}
{"File":"index.js","Function":"db()","Purpose":"To check mongodb is connected  or not","level":"info","message":"MongoDB connected Successfully!!!","service":"AuthService","timestamp":"2021-11-13 21:11:26"}
{"File":"index.js","Function":"listen()","Purpose":"To check server is started  or not","level":"info","message":"Server is listening on port : 3001","service":"AuthService","timestamp":"2021-11-13 21:11:27"}
{"File":"db/init_redis.js","Function":"connect","Purpose":"To check redis is started  or not","level":"info","message":"Redis Connected ","service":"AuthService","timestamp":"2021-11-13 21:11:58"}
{"File":"index.js","Function":"db()","Purpose":"To check mongodb is connected  or not","level":"info","message":"MongoDB connected Successfully!!!","service":"AuthService","timestamp":"2021-11-13 21:11:40"}
{"File":"index.js","Function":"listen()","Purpose":"To check server is started  or not","level":"info","message":"Server is listening on port : 3001","service":"AuthService","timestamp":"2021-11-13 21:11:41"}
{"File":"db/init_redis.js","Function":"connect","Purpose":"To check redis is started  or not","level":"info","message":"Redis Connected ","service":"AuthService","timestamp":"2021-11-13 21:11:79"}
{"File":"index.js","Function":"db()","Purpose":"To check mongodb is connected  or not","level":"info","message":"MongoDB connected Successfully!!!","service":"AuthService","timestamp":"2021-11-13 21:11:83"}
{"File":"index.js","Function":"listen()","Purpose":"To check server is started  or not","level":"info","message":"Server is listening on port : 3001","service":"AuthService","timestamp":"2021-11-13 21:11:87"}
{"File":"db/init_redis.js","Function":"connect","Purpose":"To check redis is started  or not","level":"info","message":"Redis Connected ","service":"AuthService","timestamp":"2021-11-13 21:11:01"}
{"File":"index.js","Function":"db()","Purpose":"To check mongodb is connected  or not","level":"info","message":"MongoDB connected Successfully!!!","service":"AuthService","timestamp":"2021-11-13 21:11:13"}
{"File":"index.js","Function":"listen()","Purpose":"To check server is started  or not","level":"info","message":"Server is listening on port : 3001","service":"AuthService","timestamp":"2021-11-13 21:11:14"}
{"File":"db/init_redis.js","Function":"connect","Purpose":"To check redis is started  or not","level":"info","message":"Redis Connected ","service":"AuthService","timestamp":"2021-11-13 21:11:42"}
{"File":"index.js","Function":"db()","Purpose":"To check mongodb is connected  or not","level":"info","message":"MongoDB connected Successfully!!!","service":"AuthService","timestamp":"2021-11-13 21:11:14"}
{"File":"index.js","Function":"listen()","Purpose":"To check server is started  or not","level":"info","message":"Server is listening on port : 3001","service":"AuthService","timestamp":"2021-11-13 21:11:15"}
{"File":"db/init_redis.js","Function":"connect","Purpose":"To check redis is started  or not","level":"info","message":"Redis Connected ","service":"AuthService","timestamp":"2021-11-13 21:11:65"}
{"File":"index.js","Function":"db()","Purpose":"To check mongodb is connected  or not","level":"info","message":"MongoDB connected Successfully!!!","service":"AuthService","timestamp":"2021-11-13 21:11:40"}
{"File":"index.js","Function":"listen()","Purpose":"To check server is started  or not","level":"info","message":"Server is listening on port : 3001","service":"AuthService","timestamp":"2021-11-13 21:11:41"}
{"File":"db/init_redis.js","Function":"connect","Purpose":"To check redis is started  or not","level":"info","message":"Redis Connected ","service":"AuthService","timestamp":"2021-11-13 21:11:76"}
{"File":"index.js","Function":"db()","Purpose":"To check mongodb is connected  or not","level":"info","message":"MongoDB connected Successfully!!!","service":"AuthService","timestamp":"2021-11-13 21:11:15"}
{"File":"index.js","Function":"listen()","Purpose":"To check server is started  or not","level":"info","message":"Server is listening on port : 3000","service":"AuthService","timestamp":"2021-11-13 21:11:17"}
{"File":"db/init_redis.js","Function":"connect","Purpose":"To check redis is started  or not","level":"info","message":"Redis Connected ","service":"AuthService","timestamp":"2021-11-13 21:11:26"}
{"File":"index.js","Function":"db()","Purpose":"To check mongodb is connected  or not","level":"info","message":"MongoDB connected Successfully!!!","service":"AuthService","timestamp":"2021-11-13 21:11:29"}
{"File":"index.js","Function":"listen()","Purpose":"To check server is started  or not","level":"info","message":"Server is listening on port : 3001","service":"AuthService","timestamp":"2021-11-13 21:11:30"}
{"level":"error","message":"UnauthorizedError: Invalid Username or Password","service":"AuthService","sta":401,"timestamp":"2021-11-13 22:11:17"}
{"File":"db/init_redis.js","Function":"connect","Purpose":"To check redis is started  or not","level":"info","message":"Redis Connected ","service":"AuthService","timestamp":"2021-11-13 22:11:46"}
{"File":"index.js","Function":"db()","Purpose":"To check mongodb is connected  or not","level":"info","message":"MongoDB connected Successfully!!!","service":"AuthService","timestamp":"2021-11-13 22:11:95"}
{"File":"index.js","Function":"listen()","Purpose":"To check server is started  or not","level":"info","message":"Server is listening on port : 3001","service":"AuthService","timestamp":"2021-11-13 22:11:97"}
{"File":"db/init_redis.js","Function":"connect","Purpose":"To check redis is started  or not","level":"info","message":"Redis Connected ","service":"AuthService","timestamp":"2021-11-13 22:11:94"}
{"File":"index.js","Function":"db()","Purpose":"To check mongodb is connected  or not","level":"info","message":"MongoDB connected Successfully!!!","service":"AuthService","timestamp":"2021-11-13 22:11:15"}
{"File":"index.js","Function":"listen()","Purpose":"To check server is started  or not","level":"info","message":"Server is listening on port : 3001","service":"AuthService","timestamp":"2021-11-13 22:11:16"}
{"File":"db/init_redis.js","Function":"connect","Purpose":"To check redis is started  or not","level":"info","message":"Redis Connected ","service":"AuthService","timestamp":"2021-11-13 22:11:44"}
{"File":"index.js","Function":"db()","Purpose":"To check mongodb is connected  or not","level":"info","message":"MongoDB connected Successfully!!!","service":"AuthService","timestamp":"2021-11-13 22:11:01"}
{"File":"index.js","Function":"listen()","Purpose":"To check server is started  or not","level":"info","message":"Server is listening on port : 3001","service":"AuthService","timestamp":"2021-11-13 22:11:03"}
{"File":"db/init_redis.js","Function":"connect","Purpose":"To check redis is started  or not","level":"info","message":"Redis Connected ","service":"AuthService","timestamp":"2021-11-13 22:11:48"}
{"File":"index.js","Function":"db()","Purpose":"To check mongodb is connected  or not","level":"info","message":"MongoDB connected Successfully!!!","service":"AuthService","timestamp":"2021-11-13 22:11:59"}
{"File":"index.js","Function":"listen()","Purpose":"To check server is started  or not","level":"info","message":"Server is listening on port : 3001","service":"AuthService","timestamp":"2021-11-13 22:11:61"}
{"File":"db/init_redis.js","Function":"connect","Purpose":"To check redis is started  or not","level":"info","message":"Redis Connected ","service":"AuthService","timestamp":"2021-11-13 22:11:66"}
{"File":"index.js","Function":"db()","Purpose":"To check mongodb is connected  or not","level":"info","message":"MongoDB connected Successfully!!!","service":"AuthService","timestamp":"2021-11-13 22:11:27"}
{"File":"index.js","Function":"listen()","Purpose":"To check server is started  or not","level":"info","message":"Server is listening on port : 3001","service":"AuthService","timestamp":"2021-11-13 22:11:28"}
{"File":"db/init_redis.js","Function":"connect","Purpose":"To check redis is started  or not","level":"info","message":"Redis Connected ","service":"AuthService","timestamp":"2021-11-13 22:11:86"}
{"File":"index.js","Function":"db()","Purpose":"To check mongodb is connected  or not","level":"info","message":"MongoDB connected Successfully!!!","service":"AuthService","timestamp":"2021-11-13 22:11:29"}
{"File":"index.js","Function":"listen()","Purpose":"To check server is started  or not","level":"info","message":"Server is listening on port : 3001","service":"AuthService","timestamp":"2021-11-13 22:11:32"}
{"level":"error","message":"TypeError [ERR_INVALID_ARG_TYPE]: The \"string\" argument must be of type string or an instance of Buffer or ArrayBuffer. Received an instance of Object","service":"AuthService","sta":500,"timestamp":"2021-11-13 22:11:46"}
{"File":"db/init_redis.js","Function":"connect","Purpose":"To check redis is started  or not","level":"info","message":"Redis Connected ","service":"AuthService","timestamp":"2021-11-13 22:11:26"}
{"File":"index.js","Function":"db()","Purpose":"To check mongodb is connected  or not","level":"info","message":"MongoDB connected Successfully!!!","service":"AuthService","timestamp":"2021-11-13 22:11:75"}
{"File":"index.js","Function":"listen()","Purpose":"To check server is started  or not","level":"info","message":"Server is listening on port : 3001","service":"AuthService","timestamp":"2021-11-13 22:11:77"}
{"File":"db/init_redis.js","Function":"connect","Purpose":"To check redis is started  or not","level":"info","message":"Redis Connected ","service":"AuthService","timestamp":"2021-11-13 22:11:64"}
{"File":"index.js","Function":"db()","Purpose":"To check mongodb is connected  or not","level":"info","message":"MongoDB connected Successfully!!!","service":"AuthService","timestamp":"2021-11-13 22:11:31"}
{"File":"index.js","Function":"listen()","Purpose":"To check server is started  or not","level":"info","message":"Server is listening on port : 3001","service":"AuthService","timestamp":"2021-11-13 22:11:34"}
{"File":"db/init_redis.js","Function":"connect","Purpose":"To check redis is started  or not","level":"info","message":"Redis Connected ","service":"AuthService","timestamp":"2021-11-13 22:11:62"}
{"File":"index.js","Function":"db()","Purpose":"To check mongodb is connected  or not","level":"info","message":"MongoDB connected Successfully!!!","service":"AuthService","timestamp":"2021-11-13 22:11:87"}
{"File":"index.js","Function":"listen()","Purpose":"To check server is started  or not","level":"info","message":"Server is listening on port : 3001","service":"AuthService","timestamp":"2021-11-13 22:11:89"}
{"File":"db/init_redis.js","Function":"connect","Purpose":"To check redis is started  or not","level":"info","message":"Redis Connected ","service":"AuthService","timestamp":"2021-11-13 22:11:52"}
{"File":"index.js","Function":"db()","Purpose":"To check mongodb is connected  or not","level":"info","message":"MongoDB connected Successfully!!!","service":"AuthService","timestamp":"2021-11-13 22:11:84"}
{"File":"index.js","Function":"listen()","Purpose":"To check server is started  or not","level":"info","message":"Server is listening on port : 3001","service":"AuthService","timestamp":"2021-11-13 22:11:86"}
{"File":"db/init_redis.js","Function":"connect","Purpose":"To check redis is started  or not","level":"info","message":"Redis Connected ","service":"AuthService","timestamp":"2021-11-13 22:11:33"}
{"File":"index.js","Function":"db()","Purpose":"To check mongodb is connected  or not","level":"info","message":"MongoDB connected Successfully!!!","service":"AuthService","timestamp":"2021-11-13 22:11:87"}
{"File":"index.js","Function":"listen()","Purpose":"To check server is started  or not","level":"info","message":"Server is listening on port : 3000","service":"AuthService","timestamp":"2021-11-13 22:11:89"}
{"level":"error","message":"AuthenticationError: Unauthorized","service":"AuthService","sta":401,"timestamp":"2021-11-13 22:11:00"}
{"level":"error","message":"AuthenticationError: Unauthorized","service":"AuthService","sta":401,"timestamp":"2021-11-13 22:11:04"}
{"level":"error","message":"AuthenticationError: Unauthorized","service":"AuthService","sta":401,"timestamp":"2021-11-13 22:11:14"}
{"level":"error","message":"AuthenticationError: Unauthorized","service":"AuthService","sta":401,"timestamp":"2021-11-13 22:11:09"}
{"level":"error","message":"AuthenticationError: Unauthorized","service":"AuthService","sta":401,"timestamp":"2021-11-13 22:11:29"}
{"File":"db/init_redis.js","Function":"connect","Purpose":"To check redis is started  or not","level":"info","message":"Redis Connected ","service":"AuthService","timestamp":"2021-11-13 22:11:45"}
{"File":"index.js","Function":"db()","Purpose":"To check mongodb is connected  or not","level":"info","message":"MongoDB connected Successfully!!!","service":"AuthService","timestamp":"2021-11-13 22:11:88"}
{"File":"index.js","Function":"listen()","Purpose":"To check server is started  or not","level":"info","message":"Server is listening on port : 3001","service":"AuthService","timestamp":"2021-11-13 22:11:89"}
{"File":"db/init_redis.js","Function":"connect","Purpose":"To check redis is started  or not","level":"info","message":"Redis Connected ","service":"AuthService","timestamp":"2021-11-13 22:11:34"}
{"File":"index.js","Function":"db()","Purpose":"To check mongodb is connected  or not","level":"info","message":"MongoDB connected Successfully!!!","service":"AuthService","timestamp":"2021-11-13 22:11:21"}
{"File":"index.js","Function":"listen()","Purpose":"To check server is started  or not","level":"info","message":"Server is listening on port : 3001","service":"AuthService","timestamp":"2021-11-13 22:11:40"}
{"File":"db/init_redis.js","Function":"connect","Purpose":"To check redis is started  or not","level":"info","message":"Redis Connected ","service":"AuthService","timestamp":"2021-11-13 22:11:67"}
{"File":"index.js","Function":"db()","Purpose":"To check mongodb is connected  or not","level":"info","message":"MongoDB connected Successfully!!!","service":"AuthService","timestamp":"2021-11-13 22:11:85"}
{"File":"index.js","Function":"listen()","Purpose":"To check server is started  or not","level":"info","message":"Server is listening on port : 3001","service":"AuthService","timestamp":"2021-11-13 22:11:87"}
{"File":"db/init_redis.js","Function":"connect","Purpose":"To check redis is started  or not","level":"info","message":"Redis Connected ","service":"AuthService","timestamp":"2021-11-13 22:11:41"}
{"File":"index.js","Function":"db()","Purpose":"To check mongodb is connected  or not","level":"info","message":"MongoDB connected Successfully!!!","service":"AuthService","timestamp":"2021-11-13 22:11:83"}
{"File":"index.js","Function":"listen()","Purpose":"To check server is started  or not","level":"info","message":"Server is listening on port : 3001","service":"AuthService","timestamp":"2021-11-13 22:11:86"}
{"File":"db/init_redis.js","Function":"connect","Purpose":"To check redis is started  or not","level":"info","message":"Redis Connected ","service":"AuthService","timestamp":"2021-11-13 22:11:38"}
{"File":"index.js","Function":"db()","Purpose":"To check mongodb is connected  or not","level":"info","message":"MongoDB connected Successfully!!!","service":"AuthService","timestamp":"2021-11-13 22:11:58"}
{"File":"index.js","Function":"listen()","Purpose":"To check server is started  or not","level":"info","message":"Server is listening on port : 3001","service":"AuthService","timestamp":"2021-11-13 22:11:62"}
{"File":"db/init_redis.js","Function":"connect","Purpose":"To check redis is started  or not","level":"info","message":"Redis Connected ","service":"AuthService","timestamp":"2021-11-13 22:11:87"}
{"File":"index.js","Function":"db()","Purpose":"To check mongodb is connected  or not","level":"info","message":"MongoDB connected Successfully!!!","service":"AuthService","timestamp":"2021-11-13 22:11:26"}
{"File":"index.js","Function":"listen()","Purpose":"To check server is started  or not","level":"info","message":"Server is listening on port : 3001","service":"AuthService","timestamp":"2021-11-13 22:11:28"}
